\BOOKMARK [0][-]{chapter.2}{Multiplicando a fração da unidade }{}% 1
\BOOKMARK [1][-]{section.2.1}{EXPLORANDO\040O\040ASSUNTO\040}{chapter.2}% 2
\BOOKMARK [2][-]{subsection.2.1.1}{Atividade}{section.2.1}% 3
\BOOKMARK [2][-]{subsection.2.1.2}{Atividade}{section.2.1}% 4
\BOOKMARK [2][-]{subsection.2.1.3}{Atividade}{section.2.1}% 5
\BOOKMARK [2][-]{subsection.2.1.4}{Atividade}{section.2.1}% 6
\BOOKMARK [1][-]{section.2.2}{ORGANIZANDO\040AS\040IDEIAS\040}{chapter.2}% 7
\BOOKMARK [1][-]{section.2.3}{MÃO NA MASSA }{chapter.2}% 8
\BOOKMARK [2][-]{subsection.2.3.5}{Atividade}{section.2.3}% 9
\BOOKMARK [2][-]{subsection.2.3.6}{Atividade}{section.2.3}% 10
\BOOKMARK [2][-]{subsection.2.3.7}{Atividade}{section.2.3}% 11
\BOOKMARK [2][-]{subsection.2.3.8}{Atividade}{section.2.3}% 12
\BOOKMARK [2][-]{subsection.2.3.9}{Atividade}{section.2.3}% 13
\BOOKMARK [2][-]{subsection.2.3.10}{Atividade}{section.2.3}% 14
\BOOKMARK [2][-]{subsection.2.3.11}{Atividade}{section.2.3}% 15
\BOOKMARK [2][-]{subsection.2.3.12}{Atividade}{section.2.3}% 16
\BOOKMARK [1][-]{section.2.4}{QUEBRANDO\040A\040CUCA\040}{chapter.2}% 17
\BOOKMARK [2][-]{subsection.2.4.13}{Atividade}{section.2.4}% 18
\BOOKMARK [2][-]{subsection.2.4.14}{Atividade}{section.2.4}% 19
\BOOKMARK [2][-]{subsection.2.4.15}{Atividade}{section.2.4}% 20
\BOOKMARK [2][-]{subsection.2.4.16}{Atividade}{section.2.4}% 21
\BOOKMARK [2][-]{subsection.2.4.17}{Atividade}{section.2.4}% 22
\BOOKMARK [2][-]{subsection.2.4.18}{Atividade}{section.2.4}% 23
